{"/Users/tim/src/frontend-test-react/src/api/actions.js": {"path":"/Users/tim/src/frontend-test-react/src/api/actions.js","statementMap":{"0":{"start":{"line":24,"column":20},"end":{"line":48,"column":1}},"1":{"start":{"line":24,"column":26},"end":{"line":48,"column":1}},"2":{"start":{"line":25,"column":2},"end":{"line":27,"column":5}},"3":{"start":{"line":29,"column":2},"end":{"line":47,"column":3}},"4":{"start":{"line":30,"column":21},"end":{"line":30,"column":56}},"5":{"start":{"line":31,"column":17},"end":{"line":31,"column":38}},"6":{"start":{"line":33,"column":4},"end":{"line":35,"column":5}},"7":{"start":{"line":34,"column":6},"end":{"line":34,"column":42}},"8":{"start":{"line":37,"column":4},"end":{"line":40,"column":7}},"9":{"start":{"line":42,"column":4},"end":{"line":45,"column":7}},"10":{"start":{"line":46,"column":4},"end":{"line":46,"column":14}},"11":{"start":{"line":50,"column":19},"end":{"line":75,"column":1}},"12":{"start":{"line":50,"column":31},"end":{"line":75,"column":1}},"13":{"start":{"line":51,"column":2},"end":{"line":54,"column":5}},"14":{"start":{"line":56,"column":2},"end":{"line":74,"column":3}},"15":{"start":{"line":57,"column":21},"end":{"line":57,"column":62}},"16":{"start":{"line":58,"column":17},"end":{"line":58,"column":38}},"17":{"start":{"line":60,"column":4},"end":{"line":62,"column":5}},"18":{"start":{"line":61,"column":6},"end":{"line":61,"column":42}},"19":{"start":{"line":64,"column":4},"end":{"line":67,"column":7}},"20":{"start":{"line":69,"column":4},"end":{"line":72,"column":7}},"21":{"start":{"line":73,"column":4},"end":{"line":73,"column":14}},"22":{"start":{"line":77,"column":22},"end":{"line":117,"column":1}},"23":{"start":{"line":82,"column":6},"end":{"line":117,"column":1}},"24":{"start":{"line":83,"column":2},"end":{"line":85,"column":5}},"25":{"start":{"line":87,"column":2},"end":{"line":116,"column":3}},"26":{"start":{"line":88,"column":21},"end":{"line":99,"column":6}},"27":{"start":{"line":100,"column":17},"end":{"line":100,"column":38}},"28":{"start":{"line":102,"column":4},"end":{"line":104,"column":5}},"29":{"start":{"line":103,"column":6},"end":{"line":103,"column":42}},"30":{"start":{"line":106,"column":4},"end":{"line":109,"column":7}},"31":{"start":{"line":111,"column":4},"end":{"line":114,"column":7}},"32":{"start":{"line":115,"column":4},"end":{"line":115,"column":14}},"33":{"start":{"line":119,"column":22},"end":{"line":155,"column":1}},"34":{"start":{"line":122,"column":6},"end":{"line":155,"column":1}},"35":{"start":{"line":123,"column":2},"end":{"line":126,"column":5}},"36":{"start":{"line":128,"column":2},"end":{"line":154,"column":3}},"37":{"start":{"line":129,"column":21},"end":{"line":137,"column":6}},"38":{"start":{"line":138,"column":17},"end":{"line":138,"column":38}},"39":{"start":{"line":140,"column":4},"end":{"line":142,"column":5}},"40":{"start":{"line":141,"column":6},"end":{"line":141,"column":42}},"41":{"start":{"line":144,"column":4},"end":{"line":147,"column":7}},"42":{"start":{"line":149,"column":4},"end":{"line":152,"column":7}},"43":{"start":{"line":153,"column":4},"end":{"line":153,"column":14}},"44":{"start":{"line":157,"column":21},"end":{"line":181,"column":1}},"45":{"start":{"line":157,"column":27},"end":{"line":181,"column":1}},"46":{"start":{"line":158,"column":2},"end":{"line":160,"column":5}},"47":{"start":{"line":162,"column":2},"end":{"line":180,"column":3}},"48":{"start":{"line":163,"column":21},"end":{"line":165,"column":6}},"49":{"start":{"line":167,"column":4},"end":{"line":169,"column":5}},"50":{"start":{"line":168,"column":6},"end":{"line":168,"column":42}},"51":{"start":{"line":171,"column":4},"end":{"line":173,"column":7}},"52":{"start":{"line":175,"column":4},"end":{"line":178,"column":7}},"53":{"start":{"line":179,"column":4},"end":{"line":179,"column":14}}},"fnMap":{"0":{"name":"(anonymous_0)","decl":{"start":{"line":24,"column":20},"end":{"line":24,"column":21}},"loc":{"start":{"line":24,"column":26},"end":{"line":48,"column":1}},"line":24},"1":{"name":"(anonymous_1)","decl":{"start":{"line":24,"column":26},"end":{"line":24,"column":27}},"loc":{"start":{"line":24,"column":62},"end":{"line":48,"column":1}},"line":24},"2":{"name":"(anonymous_2)","decl":{"start":{"line":50,"column":19},"end":{"line":50,"column":20}},"loc":{"start":{"line":50,"column":31},"end":{"line":75,"column":1}},"line":50},"3":{"name":"(anonymous_3)","decl":{"start":{"line":50,"column":31},"end":{"line":50,"column":32}},"loc":{"start":{"line":50,"column":67},"end":{"line":75,"column":1}},"line":50},"4":{"name":"(anonymous_4)","decl":{"start":{"line":77,"column":22},"end":{"line":77,"column":23}},"loc":{"start":{"line":82,"column":6},"end":{"line":117,"column":1}},"line":82},"5":{"name":"(anonymous_5)","decl":{"start":{"line":82,"column":6},"end":{"line":82,"column":7}},"loc":{"start":{"line":82,"column":42},"end":{"line":117,"column":1}},"line":82},"6":{"name":"(anonymous_6)","decl":{"start":{"line":119,"column":22},"end":{"line":119,"column":23}},"loc":{"start":{"line":122,"column":6},"end":{"line":155,"column":1}},"line":122},"7":{"name":"(anonymous_7)","decl":{"start":{"line":122,"column":6},"end":{"line":122,"column":7}},"loc":{"start":{"line":122,"column":42},"end":{"line":155,"column":1}},"line":122},"8":{"name":"(anonymous_8)","decl":{"start":{"line":157,"column":21},"end":{"line":157,"column":22}},"loc":{"start":{"line":157,"column":27},"end":{"line":181,"column":1}},"line":157},"9":{"name":"(anonymous_9)","decl":{"start":{"line":157,"column":27},"end":{"line":157,"column":28}},"loc":{"start":{"line":157,"column":63},"end":{"line":181,"column":1}},"line":157}},"branchMap":{"0":{"loc":{"start":{"line":33,"column":4},"end":{"line":35,"column":5}},"type":"if","locations":[{"start":{"line":33,"column":4},"end":{"line":35,"column":5}},{"start":{"line":33,"column":4},"end":{"line":35,"column":5}}],"line":33},"1":{"loc":{"start":{"line":60,"column":4},"end":{"line":62,"column":5}},"type":"if","locations":[{"start":{"line":60,"column":4},"end":{"line":62,"column":5}},{"start":{"line":60,"column":4},"end":{"line":62,"column":5}}],"line":60},"2":{"loc":{"start":{"line":102,"column":4},"end":{"line":104,"column":5}},"type":"if","locations":[{"start":{"line":102,"column":4},"end":{"line":104,"column":5}},{"start":{"line":102,"column":4},"end":{"line":104,"column":5}}],"line":102},"3":{"loc":{"start":{"line":140,"column":4},"end":{"line":142,"column":5}},"type":"if","locations":[{"start":{"line":140,"column":4},"end":{"line":142,"column":5}},{"start":{"line":140,"column":4},"end":{"line":142,"column":5}}],"line":140},"4":{"loc":{"start":{"line":167,"column":4},"end":{"line":169,"column":5}},"type":"if","locations":[{"start":{"line":167,"column":4},"end":{"line":169,"column":5}},{"start":{"line":167,"column":4},"end":{"line":169,"column":5}}],"line":167}},"s":{"0":1,"1":3,"2":3,"3":3,"4":3,"5":3,"6":3,"7":0,"8":3,"9":0,"10":0,"11":1,"12":1,"13":1,"14":1,"15":1,"16":1,"17":1,"18":0,"19":1,"20":0,"21":0,"22":1,"23":2,"24":2,"25":2,"26":2,"27":2,"28":2,"29":1,"30":1,"31":1,"32":1,"33":1,"34":1,"35":1,"36":1,"37":1,"38":1,"39":1,"40":0,"41":1,"42":0,"43":0,"44":1,"45":1,"46":1,"47":1,"48":1,"49":1,"50":0,"51":1,"52":0,"53":0},"f":{"0":3,"1":3,"2":1,"3":1,"4":2,"5":2,"6":1,"7":1,"8":1,"9":1},"b":{"0":[0,3],"1":[0,1],"2":[1,1],"3":[0,1],"4":[0,1]},"_coverageSchema":"1a1c01bbd47fc00a2c39e90264f33305004495a9","hash":"df522f8df48a0c8b000d769410effcf0d85c1e0c"}
,"/Users/tim/src/frontend-test-react/src/api/constants.js": {"path":"/Users/tim/src/frontend-test-react/src/api/constants.js","statementMap":{"0":{"start":{"line":2,"column":32},"end":{"line":2,"column":50}},"1":{"start":{"line":3,"column":30},"end":{"line":3,"column":46}},"2":{"start":{"line":4,"column":32},"end":{"line":4,"column":50}},"3":{"start":{"line":6,"column":31},"end":{"line":6,"column":48}},"4":{"start":{"line":7,"column":29},"end":{"line":7,"column":44}},"5":{"start":{"line":8,"column":31},"end":{"line":8,"column":48}},"6":{"start":{"line":10,"column":34},"end":{"line":10,"column":54}},"7":{"start":{"line":11,"column":32},"end":{"line":11,"column":50}},"8":{"start":{"line":12,"column":34},"end":{"line":12,"column":54}},"9":{"start":{"line":14,"column":34},"end":{"line":14,"column":54}},"10":{"start":{"line":15,"column":32},"end":{"line":15,"column":50}},"11":{"start":{"line":16,"column":34},"end":{"line":16,"column":54}},"12":{"start":{"line":18,"column":33},"end":{"line":18,"column":52}},"13":{"start":{"line":19,"column":31},"end":{"line":19,"column":48}},"14":{"start":{"line":20,"column":33},"end":{"line":20,"column":52}}},"fnMap":{},"branchMap":{},"s":{"0":1,"1":1,"2":1,"3":1,"4":1,"5":1,"6":1,"7":1,"8":1,"9":1,"10":1,"11":1,"12":1,"13":1,"14":1},"f":{},"b":{},"_coverageSchema":"1a1c01bbd47fc00a2c39e90264f33305004495a9","hash":"6e08fcb39ef56c96f395ba42921cc72045b947ac"}
}
