TN:
SF:src/api/actions.js
FN:24,(anonymous_0)
FN:24,(anonymous_1)
FN:50,(anonymous_2)
FN:50,(anonymous_3)
FN:77,(anonymous_4)
FN:82,(anonymous_5)
FN:119,(anonymous_6)
FN:122,(anonymous_7)
FN:157,(anonymous_8)
FN:157,(anonymous_9)
FNF:10
FNH:10
FNDA:3,(anonymous_0)
FNDA:3,(anonymous_1)
FNDA:1,(anonymous_2)
FNDA:1,(anonymous_3)
FNDA:2,(anonymous_4)
FNDA:2,(anonymous_5)
FNDA:1,(anonymous_6)
FNDA:1,(anonymous_7)
FNDA:1,(anonymous_8)
FNDA:1,(anonymous_9)
DA:24,3
DA:25,3
DA:29,3
DA:30,3
DA:31,3
DA:33,3
DA:34,0
DA:37,3
DA:42,0
DA:46,0
DA:50,1
DA:51,1
DA:56,1
DA:57,1
DA:58,1
DA:60,1
DA:61,0
DA:64,1
DA:69,0
DA:73,0
DA:77,1
DA:82,2
DA:83,2
DA:87,2
DA:88,2
DA:100,2
DA:102,2
DA:103,1
DA:106,1
DA:111,1
DA:115,1
DA:119,1
DA:122,1
DA:123,1
DA:128,1
DA:129,1
DA:138,1
DA:140,1
DA:141,0
DA:144,1
DA:149,0
DA:153,0
DA:157,1
DA:158,1
DA:162,1
DA:163,1
DA:167,1
DA:168,0
DA:171,1
DA:175,0
DA:179,0
LF:51
LH:39
BRDA:33,0,0,0
BRDA:33,0,1,3
BRDA:60,1,0,0
BRDA:60,1,1,1
BRDA:102,2,0,1
BRDA:102,2,1,1
BRDA:140,3,0,0
BRDA:140,3,1,1
BRDA:167,4,0,0
BRDA:167,4,1,1
BRF:10
BRH:6
end_of_record
TN:
SF:src/api/constants.js
FNF:0
FNH:0
DA:2,1
DA:3,1
DA:4,1
DA:6,1
DA:7,1
DA:8,1
DA:10,1
DA:11,1
DA:12,1
DA:14,1
DA:15,1
DA:16,1
DA:18,1
DA:19,1
DA:20,1
LF:15
LH:15
BRF:0
BRH:0
end_of_record
